<?xml version="1.0" encoding="utf-8"?><testsuites name="pytest tests"><testsuite name="pytest" errors="0" failures="0" skipped="0" tests="21" time="13.240" timestamp="2026-02-11T09:57:53.123207+00:00" hostname="agent-env-61e12370-bdba-4a44-8a34-ca4be9d2a7b6"><testcase classname="backend.tests.test_wii_telecom.TestAuthentication" name="test_admin_login_success" time="0.574" /><testcase classname="backend.tests.test_wii_telecom.TestAuthentication" name="test_sms_am_login_success" time="0.424" /><testcase classname="backend.tests.test_wii_telecom.TestAuthentication" name="test_voice_am_login_success" time="0.422" /><testcase classname="backend.tests.test_wii_telecom.TestAuthentication" name="test_noc_login_success" time="0.442" /><testcase classname="backend.tests.test_wii_telecom.TestAuthentication" name="test_login_invalid_credentials" time="0.068" /><testcase classname="backend.tests.test_wii_telecom.TestAuthentication" name="test_get_me_with_token" time="0.491" /><testcase classname="backend.tests.test_wii_telecom.TestClientManagement" name="test_get_clients_list" time="0.493" /><testcase classname="backend.tests.test_wii_telecom.TestClientManagement" name="test_create_client_admin_only" time="0.490" /><testcase classname="backend.tests.test_wii_telecom.TestClientManagement" name="test_am_cannot_create_client" time="0.495" /><testcase classname="backend.tests.test_wii_telecom.TestSMSTickets" name="test_get_sms_tickets_list" time="0.496" /><testcase classname="backend.tests.test_wii_telecom.TestSMSTickets" name="test_create_sms_ticket_admin" time="0.958" /><testcase classname="backend.tests.test_wii_telecom.TestSMSTickets" name="test_create_sms_ticket_noc" time="0.998" /><testcase classname="backend.tests.test_wii_telecom.TestSMSTickets" name="test_am_cannot_create_sms_ticket" time="0.984" /><testcase classname="backend.tests.test_wii_telecom.TestSMSTickets" name="test_am_cannot_update_sms_ticket" time="1.377" /><testcase classname="backend.tests.test_wii_telecom.TestSMSTickets" name="test_sms_am_cannot_access_voice_tickets" time="0.562" /><testcase classname="backend.tests.test_wii_telecom.TestVoiceTickets" name="test_get_voice_tickets_list" time="0.488" /><testcase classname="backend.tests.test_wii_telecom.TestVoiceTickets" name="test_create_voice_ticket_admin" time="0.587" /><testcase classname="backend.tests.test_wii_telecom.TestVoiceTickets" name="test_am_cannot_create_voice_ticket" time="0.981" /><testcase classname="backend.tests.test_wii_telecom.TestVoiceTickets" name="test_voice_am_cannot_access_sms_tickets" time="0.496" /><testcase classname="backend.tests.test_wii_telecom.TestDashboard" name="test_dashboard_stats" time="0.484" /><testcase classname="backend.tests.test_wii_telecom.TestCleanup" name="test_cleanup_test_data" time="0.552" /></testsuite></testsuites>